Rendering to 1000x1000 image
Loaded scene with 100000 circles
Loaded scene with 100000 circles
begin setup---------------------------------------------------------
Initializing CUDA for CudaRenderer
Found 1 CUDA devices
Device 0: GeForce GTX 1060
   SMs:        10
   Global mem: 6073 MB
   CUDA Cap:   6.1
---------------------------------------------------------
WARNING: You're not running on a fast GPU, please consider using NVIDIA GTX 480, 670 or 780.
---------------------------------------------------------

Running benchmark, 1 frames, beginning at frame 0 ...
gridDim: 8, 8
gridDim2: 63, 63
Copying image data from device
***************** Correctness check passed **************************
Clear:    0.1334 ms
Advance:  0.0014 ms
Render:   27.1252 ms
Total:    27.2599 ms

Overall:  11.4377 sec (note units are seconds)
